@HD	VN:1.4
@SQ	SN:REF	LN:29
REF_0_12	0	REF	1	255	12=	*	0	0	CCCGATGAGCAC	*	NH:i:1
REF_1_13	0	REF	2	255	12=	*	0	0	CCGATGAGCACA	*	NH:i:1
REF_2_14	0	REF	3	255	12=	*	0	0	CGATGAGCACAC	*	NH:i:1
REF_3_15	0	REF	4	255	12=	*	0	0	GATGAGCACACG	*	NH:i:1
REF_4_16	0	REF	5	255	12=	*	0	0	ATGAGCACACGA	*	NH:i:1
REF_5_17	0	REF	6	255	12=	*	0	0	TGAGCACACGAT	*	NH:i:1
REF_6_18	0	REF	7	255	12=	*	0	0	GAGCACACGATC	*	NH:i:1
REF_7_19	0	REF	8	255	12=	*	0	0	AGCACACGATCA	*	NH:i:1
REF_8_20	0	REF	9	255	12=	*	0	0	GCACACGATCAC	*	NH:i:1
REF_9_21	0	REF	10	255	12=	*	0	0	CACACGATCACA	*	NH:i:1
REF_10_22	0	REF	11	255	12=	*	0	0	ACACGATCACAC	*	NH:i:1
REF_11_23	0	REF	12	255	12=	*	0	0	CACGATCACACG	*	NH:i:1
REF_12_24	0	REF	13	255	12=	*	0	0	ACGATCACACGA	*	NH:i:1
REF_13_25	0	REF	14	255	12=	*	0	0	CGATCACACGAT	*	NH:i:1
REF_14_26	0	REF	15	255	12=	*	0	0	GATCACACGATG	*	NH:i:1
REF_15_27	0	REF	16	255	12=	*	0	0	ATCACACGATGA	*	NH:i:1
REF_16_28	0	REF	17	255	12=	*	0	0	TCACACGATGAC	*	NH:i:1
REF_17_29	0	REF	18	255	12=	*	0	0	CACACGATGACA	*	NH:i:1
