      0     .  
        CDFGDC
        ||    
        CDEFGA


      0     .     
        CD-FG--DC
        || ||   |
        CDEFGAHGC



ViewToSource1: 0,1,2,2,3,4,4,4,5,
ViewToSource2: 0,1,2,3,4,5,6,7,8,

SourceToView1: 0,1,3,4,7,8,
SourceToView2: 0,1,2,3,4,5,6,7,8,

Before clipping:
      0     .     
        CD-FG--DC
        || ||   |
        CDEFGAHGC



After clipping:
      0     .  
        D-FG--
        | ||  
        DEFGAH



ViewToSource1: 1,2,2,3,4,4,
ViewToSource2: 1,2,3,4,5,6,

SourceToView1: -1,0,2,3,6,7,
SourceToView2: -1,0,1,2,3,4,5,6,7,
D-FG--
CD-FG--DC
