alkovich
beeonthecomb
beingjohnmalkovich
beornottobe
be
b
ch
comb
c
ebeeonthecomb
ecomb
eeonthecomb
eingjohnmalkovich
eonthecomb
eornottobe
eo
e
gjohnmalkovich
hebeeonthecomb
hecomb
he
hnmalkovich
h
ich
ingjohnmalkovich
i
johnmalkovich
kovich
lkovich
malkovich
mb
m
ngjohnmalkovich
nmalkovich
nottobe
nthecomb
n
obeornottobe
obe
ohnmalkovich
omb
onthecomb
ornottobe
ottobe
ovich
o
rnottobe
thebeeonthecomb
thecomb
the
tobeornottobe
tobe
ttobe
t
vich

alkovich
beeonthecomb
beingjohnmalkovich
beornottobe
be
b
ch
comb
c
ebeeonthecomb
ecomb
eeonthecomb
eingjohnmalkovich
eonthecomb
eornottobe
eo
e
gjohnmalkovich
hebeeonthecomb
hecomb
he
hnmalkovich
h
ich
ingjohnmalkovich
i
johnmalkovich
kovich
lkovich
malkovich
mb
m
ngjohnmalkovich
nmalkovich
nottobe
nthecomb
n
obeornottobe
obe
ohnmalkovich
omb
onthecomb
ornottobe
ottobe
ovich
o
rnottobe
thebeeonthecomb
thecomb
the
tobeornottobe
tobe
ttobe
t
vich
